2018-08-23 11:33:51.967  INFO com.ls.example                           : Starting example on SD-20180326GBHC with PID 2480 (E:\project\example\target\classes started by Administrator in E:\project\example)
2018-08-23 11:33:51.977  INFO com.ls.example                           : No active profile set, falling back to default profiles: default
2018-08-23 11:33:52.692  INFO ationConfigEmbeddedWebApplicationContext : Refreshing org.springframework.boot.context.embedded.AnnotationConfigEmbeddedWebApplicationContext@7b98f307: startup date [Thu Aug 23 11:33:52 CST 2018]; root of context hierarchy
2018-08-23 11:33:54.020  INFO .s.d.r.c.RepositoryConfigurationDelegate : Multiple Spring Data modules found, entering strict repository configuration mode!
2018-08-23 11:33:54.504  INFO trationDelegate$BeanPostProcessorChecker : Bean 'org.springframework.boot.autoconfigure.validation.ValidationAutoConfiguration' of type [class org.springframework.boot.autoconfigure.validation.ValidationAutoConfiguration] is not eligible for getting processed by all BeanPostProcessors (for example: not eligible for auto-proxying)
2018-08-23 11:33:54.619  INFO trationDelegate$BeanPostProcessorChecker : Bean 'validator' of type [class org.springframework.validation.beanvalidation.LocalValidatorFactoryBean] is not eligible for getting processed by all BeanPostProcessors (for example: not eligible for auto-proxying)
2018-08-23 11:33:54.654  INFO trationDelegate$BeanPostProcessorChecker : Bean 'org.springframework.transaction.annotation.ProxyTransactionManagementConfiguration' of type [class org.springframework.transaction.annotation.ProxyTransactionManagementConfiguration$$EnhancerBySpringCGLIB$$b24052f0] is not eligible for getting processed by all BeanPostProcessors (for example: not eligible for auto-proxying)
2018-08-23 11:33:55.084  INFO s.b.c.e.t.TomcatEmbeddedServletContainer : Tomcat initialized with port(s): 8083 (http)
2018-08-23 11:33:55.106  INFO o.apache.catalina.core.StandardService   : Starting service Tomcat
2018-08-23 11:33:55.107  INFO org.apache.catalina.core.StandardEngine  : Starting Servlet Engine: Apache Tomcat/8.5.11
2018-08-23 11:33:55.256  INFO o.a.c.c.C.[Tomcat].[localhost].[/]       : Initializing Spring embedded WebApplicationContext
2018-08-23 11:33:55.257  INFO o.s.web.context.ContextLoader            : Root WebApplicationContext: initialization completed in 2565 ms
2018-08-23 11:33:55.449  INFO o.s.b.w.servlet.ServletRegistrationBean  : Mapping servlet: 'dispatcherServlet' to [/]
2018-08-23 11:33:55.453  INFO o.s.b.w.servlet.FilterRegistrationBean   : Mapping filter: 'characterEncodingFilter' to: [/*]
2018-08-23 11:33:55.454  INFO o.s.b.w.servlet.FilterRegistrationBean   : Mapping filter: 'hiddenHttpMethodFilter' to: [/*]
2018-08-23 11:33:55.454  INFO o.s.b.w.servlet.FilterRegistrationBean   : Mapping filter: 'httpPutFormContentFilter' to: [/*]
2018-08-23 11:33:55.454  INFO o.s.b.w.servlet.FilterRegistrationBean   : Mapping filter: 'requestContextFilter' to: [/*]
2018-08-23 11:33:55.454  INFO o.s.b.w.servlet.FilterRegistrationBean   : Mapping filter: 'firstFilter' to urls: [/showInfo/maps]
2018-08-23 11:33:55.868  WARN ationConfigEmbeddedWebApplicationContext : Exception encountered during context initialization - cancelling refresh attempt: org.springframework.beans.factory.UnsatisfiedDependencyException: Error creating bean with name 'userController': Unsatisfied dependency expressed through field 'redisService'; nested exception is org.springframework.beans.factory.NoSuchBeanDefinitionException: No qualifying bean of type 'com.ls.commom.service.RedisService' available: expected at least 1 bean which qualifies as autowire candidate. Dependency annotations: {@org.springframework.beans.factory.annotation.Autowired(required=true)}
2018-08-23 11:33:55.878  INFO utoConfigurationReportLoggingInitializer : 

Error starting ApplicationContext. To display the auto-configuration report re-run your application with 'debug' enabled.
2018-08-23 11:33:55.949 ERROR o.s.b.d.LoggingFailureAnalysisReporter   : 

***************************
APPLICATION FAILED TO START
***************************

Description:

Field redisService in com.ls.controller.UserController required a bean of type 'com.ls.commom.service.RedisService' that could not be found.


Action:

Consider defining a bean of type 'com.ls.commom.service.RedisService' in your configuration.

2018-08-23 11:34:57.847  INFO com.ls.example                           : Starting example on SD-20180326GBHC with PID 3284 (E:\project\example\target\classes started by Administrator in E:\project\example)
2018-08-23 11:34:57.850  INFO com.ls.example                           : No active profile set, falling back to default profiles: default
2018-08-23 11:34:58.535  INFO ationConfigEmbeddedWebApplicationContext : Refreshing org.springframework.boot.context.embedded.AnnotationConfigEmbeddedWebApplicationContext@7b98f307: startup date [Thu Aug 23 11:34:58 CST 2018]; root of context hierarchy
2018-08-23 11:34:59.890  INFO .s.d.r.c.RepositoryConfigurationDelegate : Multiple Spring Data modules found, entering strict repository configuration mode!
2018-08-23 11:35:00.296  INFO trationDelegate$BeanPostProcessorChecker : Bean 'org.springframework.boot.autoconfigure.validation.ValidationAutoConfiguration' of type [class org.springframework.boot.autoconfigure.validation.ValidationAutoConfiguration] is not eligible for getting processed by all BeanPostProcessors (for example: not eligible for auto-proxying)
2018-08-23 11:35:00.386  INFO trationDelegate$BeanPostProcessorChecker : Bean 'validator' of type [class org.springframework.validation.beanvalidation.LocalValidatorFactoryBean] is not eligible for getting processed by all BeanPostProcessors (for example: not eligible for auto-proxying)
2018-08-23 11:35:00.420  INFO trationDelegate$BeanPostProcessorChecker : Bean 'org.springframework.transaction.annotation.ProxyTransactionManagementConfiguration' of type [class org.springframework.transaction.annotation.ProxyTransactionManagementConfiguration$$EnhancerBySpringCGLIB$$b24052f0] is not eligible for getting processed by all BeanPostProcessors (for example: not eligible for auto-proxying)
2018-08-23 11:35:00.827  INFO s.b.c.e.t.TomcatEmbeddedServletContainer : Tomcat initialized with port(s): 8083 (http)
2018-08-23 11:35:00.838  INFO o.apache.catalina.core.StandardService   : Starting service Tomcat
2018-08-23 11:35:00.839  INFO org.apache.catalina.core.StandardEngine  : Starting Servlet Engine: Apache Tomcat/8.5.11
2018-08-23 11:35:00.950  INFO o.a.c.c.C.[Tomcat].[localhost].[/]       : Initializing Spring embedded WebApplicationContext
2018-08-23 11:35:00.951  INFO o.s.web.context.ContextLoader            : Root WebApplicationContext: initialization completed in 2416 ms
2018-08-23 11:35:01.216  INFO o.s.b.w.servlet.ServletRegistrationBean  : Mapping servlet: 'dispatcherServlet' to [/]
2018-08-23 11:35:01.223  INFO o.s.b.w.servlet.FilterRegistrationBean   : Mapping filter: 'characterEncodingFilter' to: [/*]
2018-08-23 11:35:01.223  INFO o.s.b.w.servlet.FilterRegistrationBean   : Mapping filter: 'hiddenHttpMethodFilter' to: [/*]
2018-08-23 11:35:01.223  INFO o.s.b.w.servlet.FilterRegistrationBean   : Mapping filter: 'httpPutFormContentFilter' to: [/*]
2018-08-23 11:35:01.223  INFO o.s.b.w.servlet.FilterRegistrationBean   : Mapping filter: 'requestContextFilter' to: [/*]
2018-08-23 11:35:01.223  INFO o.s.b.w.servlet.FilterRegistrationBean   : Mapping filter: 'firstFilter' to urls: [/showInfo/maps]
2018-08-23 11:35:02.619  INFO s.w.s.m.m.a.RequestMappingHandlerMapping : Mapped "{[/showInfo/objects/value/{value}],methods=[GET]}" onto public void com.ls.controller.UserController.setRedis(java.lang.String)
2018-08-23 11:35:02.621  INFO s.w.s.m.m.a.RequestMappingHandlerMapping : Mapped "{[/showInfo/html]}" onto public java.lang.String com.ls.controller.UserController.forwardHtml(org.springframework.ui.Model)
2018-08-23 11:35:02.621  INFO s.w.s.m.m.a.RequestMappingHandlerMapping : Mapped "{[/showInfo/objects]}" onto public java.util.List<com.ls.entity.ShowInfo> com.ls.controller.UserController.getAllObjects()
2018-08-23 11:35:02.622  INFO s.w.s.m.m.a.RequestMappingHandlerMapping : Mapped "{[/showInfo/maps]}" onto public java.util.List<java.util.Map<java.lang.String, java.lang.Object>> com.ls.controller.UserController.getAllMaps()
2018-08-23 11:35:02.623  INFO s.w.s.m.m.a.RequestMappingHandlerMapping : Mapped "{[/v2/api-docs],methods=[GET],produces=[application/json || application/hal+json]}" onto public org.springframework.http.ResponseEntity<springfox.documentation.spring.web.json.Json> springfox.documentation.swagger2.web.Swagger2Controller.getDocumentation(java.lang.String,javax.servlet.http.HttpServletRequest)
2018-08-23 11:35:02.625  INFO s.w.s.m.m.a.RequestMappingHandlerMapping : Mapped "{[/swagger-resources/configuration/security]}" onto org.springframework.http.ResponseEntity<springfox.documentation.swagger.web.SecurityConfiguration> springfox.documentation.swagger.web.ApiResourceController.securityConfiguration()
2018-08-23 11:35:02.626  INFO s.w.s.m.m.a.RequestMappingHandlerMapping : Mapped "{[/swagger-resources/configuration/ui]}" onto org.springframework.http.ResponseEntity<springfox.documentation.swagger.web.UiConfiguration> springfox.documentation.swagger.web.ApiResourceController.uiConfiguration()
2018-08-23 11:35:02.627  INFO s.w.s.m.m.a.RequestMappingHandlerMapping : Mapped "{[/swagger-resources]}" onto org.springframework.http.ResponseEntity<java.util.List<springfox.documentation.swagger.web.SwaggerResource>> springfox.documentation.swagger.web.ApiResourceController.swaggerResources()
2018-08-23 11:35:02.631  INFO s.w.s.m.m.a.RequestMappingHandlerMapping : Mapped "{[/error]}" onto public org.springframework.http.ResponseEntity<java.util.Map<java.lang.String, java.lang.Object>> org.springframework.boot.autoconfigure.web.BasicErrorController.error(javax.servlet.http.HttpServletRequest)
2018-08-23 11:35:02.631  INFO s.w.s.m.m.a.RequestMappingHandlerMapping : Mapped "{[/error],produces=[text/html]}" onto public org.springframework.web.servlet.ModelAndView org.springframework.boot.autoconfigure.web.BasicErrorController.errorHtml(javax.servlet.http.HttpServletRequest,javax.servlet.http.HttpServletResponse)
2018-08-23 11:35:02.894  INFO s.w.s.m.m.a.RequestMappingHandlerAdapter : Looking for @ControllerAdvice: org.springframework.boot.context.embedded.AnnotationConfigEmbeddedWebApplicationContext@7b98f307: startup date [Thu Aug 23 11:34:58 CST 2018]; root of context hierarchy
2018-08-23 11:35:02.976  INFO o.s.w.s.handler.SimpleUrlHandlerMapping  : Mapped URL path [/webjars/**] onto handler of type [class org.springframework.web.servlet.resource.ResourceHttpRequestHandler]
2018-08-23 11:35:02.976  INFO o.s.w.s.handler.SimpleUrlHandlerMapping  : Mapped URL path [/**] onto handler of type [class org.springframework.web.servlet.resource.ResourceHttpRequestHandler]
2018-08-23 11:35:03.023  INFO o.s.w.s.handler.SimpleUrlHandlerMapping  : Mapped URL path [/**/favicon.ico] onto handler of type [class org.springframework.web.servlet.resource.ResourceHttpRequestHandler]
2018-08-23 11:35:03.740  INFO o.s.j.e.a.AnnotationMBeanExporter        : Registering beans for JMX exposure on startup
2018-08-23 11:35:03.749  INFO o.s.c.support.DefaultLifecycleProcessor  : Starting beans in phase 2147483647
2018-08-23 11:35:03.750  INFO d.s.w.p.DocumentationPluginsBootstrapper : Context refreshed
2018-08-23 11:35:03.779  INFO d.s.w.p.DocumentationPluginsBootstrapper : Found 1 custom documentation plugin(s)
2018-08-23 11:35:03.793  INFO s.d.s.w.s.ApiListingReferenceScanner     : Scanning for api listing references
2018-08-23 11:35:04.093  INFO s.b.c.e.t.TomcatEmbeddedServletContainer : Tomcat started on port(s): 8083 (http)
2018-08-23 11:35:04.098  INFO com.ls.example                           : Started example in 6.886 seconds (JVM running for 7.669)
2018-08-23 11:36:12.675  INFO o.a.c.c.C.[Tomcat].[localhost].[/]       : Initializing Spring FrameworkServlet 'dispatcherServlet'
2018-08-23 11:36:12.675  INFO o.s.web.servlet.DispatcherServlet        : FrameworkServlet 'dispatcherServlet': initialization started
2018-08-23 11:36:12.713  INFO o.s.web.servlet.DispatcherServlet        : FrameworkServlet 'dispatcherServlet': initialization completed in 36 ms
2018-08-23 11:45:21.716  INFO com.ls.example                           : Starting example on SD-20180326GBHC with PID 9068 (E:\project\example\target\classes started by Administrator in E:\project\example)
2018-08-23 11:45:21.721  INFO com.ls.example                           : No active profile set, falling back to default profiles: default
2018-08-23 11:45:22.617  INFO ationConfigEmbeddedWebApplicationContext : Refreshing org.springframework.boot.context.embedded.AnnotationConfigEmbeddedWebApplicationContext@7b98f307: startup date [Thu Aug 23 11:45:22 CST 2018]; root of context hierarchy
2018-08-23 11:45:24.381  INFO .s.d.r.c.RepositoryConfigurationDelegate : Multiple Spring Data modules found, entering strict repository configuration mode!
2018-08-23 11:45:24.860  INFO trationDelegate$BeanPostProcessorChecker : Bean 'org.springframework.boot.autoconfigure.validation.ValidationAutoConfiguration' of type [class org.springframework.boot.autoconfigure.validation.ValidationAutoConfiguration] is not eligible for getting processed by all BeanPostProcessors (for example: not eligible for auto-proxying)
2018-08-23 11:45:24.941  INFO trationDelegate$BeanPostProcessorChecker : Bean 'validator' of type [class org.springframework.validation.beanvalidation.LocalValidatorFactoryBean] is not eligible for getting processed by all BeanPostProcessors (for example: not eligible for auto-proxying)
2018-08-23 11:45:24.971  INFO trationDelegate$BeanPostProcessorChecker : Bean 'org.springframework.transaction.annotation.ProxyTransactionManagementConfiguration' of type [class org.springframework.transaction.annotation.ProxyTransactionManagementConfiguration$$EnhancerBySpringCGLIB$$c69718d5] is not eligible for getting processed by all BeanPostProcessors (for example: not eligible for auto-proxying)
2018-08-23 11:45:25.359  INFO s.b.c.e.t.TomcatEmbeddedServletContainer : Tomcat initialized with port(s): 8083 (http)
2018-08-23 11:45:25.369  INFO o.apache.catalina.core.StandardService   : Starting service Tomcat
2018-08-23 11:45:25.370  INFO org.apache.catalina.core.StandardEngine  : Starting Servlet Engine: Apache Tomcat/8.5.11
2018-08-23 11:45:25.487  INFO o.a.c.c.C.[Tomcat].[localhost].[/]       : Initializing Spring embedded WebApplicationContext
2018-08-23 11:45:25.487  INFO o.s.web.context.ContextLoader            : Root WebApplicationContext: initialization completed in 2870 ms
2018-08-23 11:45:25.724  INFO o.s.b.w.servlet.ServletRegistrationBean  : Mapping servlet: 'dispatcherServlet' to [/]
2018-08-23 11:45:25.731  INFO o.s.b.w.servlet.FilterRegistrationBean   : Mapping filter: 'characterEncodingFilter' to: [/*]
2018-08-23 11:45:25.731  INFO o.s.b.w.servlet.FilterRegistrationBean   : Mapping filter: 'hiddenHttpMethodFilter' to: [/*]
2018-08-23 11:45:25.731  INFO o.s.b.w.servlet.FilterRegistrationBean   : Mapping filter: 'httpPutFormContentFilter' to: [/*]
2018-08-23 11:45:25.732  INFO o.s.b.w.servlet.FilterRegistrationBean   : Mapping filter: 'requestContextFilter' to: [/*]
2018-08-23 11:45:25.732  INFO o.s.b.w.servlet.FilterRegistrationBean   : Mapping filter: 'firstFilter' to urls: [/showInfo/maps]
2018-08-23 11:45:26.988  INFO s.w.s.m.m.a.RequestMappingHandlerMapping : Mapped "{[/showInfo/objects]}" onto public java.util.List<com.ls.entity.ShowInfo> com.ls.controller.UserController.getAllObjects()
2018-08-23 11:45:26.989  INFO s.w.s.m.m.a.RequestMappingHandlerMapping : Mapped "{[/showInfo/html]}" onto public java.lang.String com.ls.controller.UserController.forwardHtml(org.springframework.ui.Model)
2018-08-23 11:45:26.989  INFO s.w.s.m.m.a.RequestMappingHandlerMapping : Mapped "{[/showInfo/objects/value/{value}],methods=[GET]}" onto public void com.ls.controller.UserController.setRedis(java.lang.String)
2018-08-23 11:45:26.990  INFO s.w.s.m.m.a.RequestMappingHandlerMapping : Mapped "{[/showInfo/maps]}" onto public java.util.List<java.util.Map<java.lang.String, java.lang.Object>> com.ls.controller.UserController.getAllMaps()
2018-08-23 11:45:26.991  INFO s.w.s.m.m.a.RequestMappingHandlerMapping : Mapped "{[/v2/api-docs],methods=[GET],produces=[application/json || application/hal+json]}" onto public org.springframework.http.ResponseEntity<springfox.documentation.spring.web.json.Json> springfox.documentation.swagger2.web.Swagger2Controller.getDocumentation(java.lang.String,javax.servlet.http.HttpServletRequest)
2018-08-23 11:45:26.993  INFO s.w.s.m.m.a.RequestMappingHandlerMapping : Mapped "{[/swagger-resources/configuration/security]}" onto org.springframework.http.ResponseEntity<springfox.documentation.swagger.web.SecurityConfiguration> springfox.documentation.swagger.web.ApiResourceController.securityConfiguration()
2018-08-23 11:45:26.994  INFO s.w.s.m.m.a.RequestMappingHandlerMapping : Mapped "{[/swagger-resources/configuration/ui]}" onto org.springframework.http.ResponseEntity<springfox.documentation.swagger.web.UiConfiguration> springfox.documentation.swagger.web.ApiResourceController.uiConfiguration()
2018-08-23 11:45:26.996  INFO s.w.s.m.m.a.RequestMappingHandlerMapping : Mapped "{[/swagger-resources]}" onto org.springframework.http.ResponseEntity<java.util.List<springfox.documentation.swagger.web.SwaggerResource>> springfox.documentation.swagger.web.ApiResourceController.swaggerResources()
2018-08-23 11:45:26.999  INFO s.w.s.m.m.a.RequestMappingHandlerMapping : Mapped "{[/error]}" onto public org.springframework.http.ResponseEntity<java.util.Map<java.lang.String, java.lang.Object>> org.springframework.boot.autoconfigure.web.BasicErrorController.error(javax.servlet.http.HttpServletRequest)
2018-08-23 11:45:27.000  INFO s.w.s.m.m.a.RequestMappingHandlerMapping : Mapped "{[/error],produces=[text/html]}" onto public org.springframework.web.servlet.ModelAndView org.springframework.boot.autoconfigure.web.BasicErrorController.errorHtml(javax.servlet.http.HttpServletRequest,javax.servlet.http.HttpServletResponse)
2018-08-23 11:45:27.201  INFO s.w.s.m.m.a.RequestMappingHandlerAdapter : Looking for @ControllerAdvice: org.springframework.boot.context.embedded.AnnotationConfigEmbeddedWebApplicationContext@7b98f307: startup date [Thu Aug 23 11:45:22 CST 2018]; root of context hierarchy
2018-08-23 11:45:27.332  INFO o.s.w.s.handler.SimpleUrlHandlerMapping  : Mapped URL path [/webjars/**] onto handler of type [class org.springframework.web.servlet.resource.ResourceHttpRequestHandler]
2018-08-23 11:45:27.334  INFO o.s.w.s.handler.SimpleUrlHandlerMapping  : Mapped URL path [/**] onto handler of type [class org.springframework.web.servlet.resource.ResourceHttpRequestHandler]
2018-08-23 11:45:27.394  INFO o.s.w.s.handler.SimpleUrlHandlerMapping  : Mapped URL path [/**/favicon.ico] onto handler of type [class org.springframework.web.servlet.resource.ResourceHttpRequestHandler]
2018-08-23 11:45:28.048  INFO o.s.j.e.a.AnnotationMBeanExporter        : Registering beans for JMX exposure on startup
2018-08-23 11:45:28.058  INFO o.s.c.support.DefaultLifecycleProcessor  : Starting beans in phase 2147483647
2018-08-23 11:45:28.058  INFO d.s.w.p.DocumentationPluginsBootstrapper : Context refreshed
2018-08-23 11:45:28.079  INFO d.s.w.p.DocumentationPluginsBootstrapper : Found 1 custom documentation plugin(s)
2018-08-23 11:45:28.093  INFO s.d.s.w.s.ApiListingReferenceScanner     : Scanning for api listing references
2018-08-23 11:45:28.372  INFO s.b.c.e.t.TomcatEmbeddedServletContainer : Tomcat started on port(s): 8083 (http)
2018-08-23 11:45:28.379  INFO com.ls.example                           : Started example in 7.157 seconds (JVM running for 7.91)
2018-08-23 11:45:53.470  INFO o.a.c.c.C.[Tomcat].[localhost].[/]       : Initializing Spring FrameworkServlet 'dispatcherServlet'
2018-08-23 11:45:53.471  INFO o.s.web.servlet.DispatcherServlet        : FrameworkServlet 'dispatcherServlet': initialization started
2018-08-23 11:45:53.502  INFO o.s.web.servlet.DispatcherServlet        : FrameworkServlet 'dispatcherServlet': initialization completed in 31 ms
2018-08-23 14:08:55.356  INFO com.ls.example                           : Starting example on SD-20180326GBHC with PID 8080 (E:\project\example\target\classes started by Administrator in E:\project\example)
2018-08-23 14:08:55.373  INFO com.ls.example                           : No active profile set, falling back to default profiles: default
2018-08-23 14:08:55.938  INFO ationConfigEmbeddedWebApplicationContext : Refreshing org.springframework.boot.context.embedded.AnnotationConfigEmbeddedWebApplicationContext@34123d65: startup date [Thu Aug 23 14:08:55 CST 2018]; root of context hierarchy
2018-08-23 14:08:57.435  INFO .s.d.r.c.RepositoryConfigurationDelegate : Multiple Spring Data modules found, entering strict repository configuration mode!
2018-08-23 14:08:57.891  INFO trationDelegate$BeanPostProcessorChecker : Bean 'org.springframework.boot.autoconfigure.validation.ValidationAutoConfiguration' of type [class org.springframework.boot.autoconfigure.validation.ValidationAutoConfiguration] is not eligible for getting processed by all BeanPostProcessors (for example: not eligible for auto-proxying)
2018-08-23 14:08:57.971  INFO trationDelegate$BeanPostProcessorChecker : Bean 'validator' of type [class org.springframework.validation.beanvalidation.LocalValidatorFactoryBean] is not eligible for getting processed by all BeanPostProcessors (for example: not eligible for auto-proxying)
2018-08-23 14:08:58.004  INFO trationDelegate$BeanPostProcessorChecker : Bean 'org.springframework.transaction.annotation.ProxyTransactionManagementConfiguration' of type [class org.springframework.transaction.annotation.ProxyTransactionManagementConfiguration$$EnhancerBySpringCGLIB$$301de378] is not eligible for getting processed by all BeanPostProcessors (for example: not eligible for auto-proxying)
2018-08-23 14:08:58.431  INFO s.b.c.e.t.TomcatEmbeddedServletContainer : Tomcat initialized with port(s): 8083 (http)
2018-08-23 14:08:58.442  INFO o.apache.catalina.core.StandardService   : Starting service Tomcat
2018-08-23 14:08:58.443  INFO org.apache.catalina.core.StandardEngine  : Starting Servlet Engine: Apache Tomcat/8.5.11
2018-08-23 14:08:58.560  INFO o.a.c.c.C.[Tomcat].[localhost].[/]       : Initializing Spring embedded WebApplicationContext
2018-08-23 14:08:58.560  INFO o.s.web.context.ContextLoader            : Root WebApplicationContext: initialization completed in 2622 ms
2018-08-23 14:08:58.794  INFO o.s.b.w.servlet.ServletRegistrationBean  : Mapping servlet: 'dispatcherServlet' to [/]
2018-08-23 14:08:58.799  INFO o.s.b.w.servlet.FilterRegistrationBean   : Mapping filter: 'characterEncodingFilter' to: [/*]
2018-08-23 14:08:58.799  INFO o.s.b.w.servlet.FilterRegistrationBean   : Mapping filter: 'hiddenHttpMethodFilter' to: [/*]
2018-08-23 14:08:58.799  INFO o.s.b.w.servlet.FilterRegistrationBean   : Mapping filter: 'httpPutFormContentFilter' to: [/*]
2018-08-23 14:08:58.799  INFO o.s.b.w.servlet.FilterRegistrationBean   : Mapping filter: 'requestContextFilter' to: [/*]
2018-08-23 14:08:58.800  INFO o.s.b.w.servlet.FilterRegistrationBean   : Mapping filter: 'firstFilter' to urls: [/showInfo/maps]
2018-08-23 14:09:00.077  INFO s.w.s.m.m.a.RequestMappingHandlerMapping : Mapped "{[/showInfo/html]}" onto public java.lang.String com.ls.controller.UserController.forwardHtml(org.springframework.ui.Model)
2018-08-23 14:09:00.078  INFO s.w.s.m.m.a.RequestMappingHandlerMapping : Mapped "{[/showInfo/maps]}" onto public java.util.List<java.util.Map<java.lang.String, java.lang.Object>> com.ls.controller.UserController.getAllMaps()
2018-08-23 14:09:00.078  INFO s.w.s.m.m.a.RequestMappingHandlerMapping : Mapped "{[/showInfo/objects]}" onto public java.util.List<com.ls.entity.ShowInfo> com.ls.controller.UserController.getAllObjects()
2018-08-23 14:09:00.078  INFO s.w.s.m.m.a.RequestMappingHandlerMapping : Mapped "{[/showInfo/objects/value/{value}],methods=[GET]}" onto public void com.ls.controller.UserController.setRedis(java.lang.String)
2018-08-23 14:09:00.081  INFO s.w.s.m.m.a.RequestMappingHandlerMapping : Mapped "{[/swagger-resources/configuration/ui]}" onto public org.springframework.http.ResponseEntity<springfox.documentation.swagger.web.UiConfiguration> springfox.documentation.swagger.web.ApiResourceController.uiConfiguration()
2018-08-23 14:09:00.082  INFO s.w.s.m.m.a.RequestMappingHandlerMapping : Mapped "{[/swagger-resources]}" onto public org.springframework.http.ResponseEntity<java.util.List<springfox.documentation.swagger.web.SwaggerResource>> springfox.documentation.swagger.web.ApiResourceController.swaggerResources()
2018-08-23 14:09:00.083  INFO s.w.s.m.m.a.RequestMappingHandlerMapping : Mapped "{[/swagger-resources/configuration/security]}" onto public org.springframework.http.ResponseEntity<springfox.documentation.swagger.web.SecurityConfiguration> springfox.documentation.swagger.web.ApiResourceController.securityConfiguration()
2018-08-23 14:09:00.085  INFO s.w.s.m.m.a.RequestMappingHandlerMapping : Mapped "{[/error]}" onto public org.springframework.http.ResponseEntity<java.util.Map<java.lang.String, java.lang.Object>> org.springframework.boot.autoconfigure.web.BasicErrorController.error(javax.servlet.http.HttpServletRequest)
2018-08-23 14:09:00.085  INFO s.w.s.m.m.a.RequestMappingHandlerMapping : Mapped "{[/error],produces=[text/html]}" onto public org.springframework.web.servlet.ModelAndView org.springframework.boot.autoconfigure.web.BasicErrorController.errorHtml(javax.servlet.http.HttpServletRequest,javax.servlet.http.HttpServletResponse)
2018-08-23 14:09:00.249  INFO pertySourcedRequestMappingHandlerMapping : Mapped URL path [/v2/api-docs] onto method [public org.springframework.http.ResponseEntity<springfox.documentation.spring.web.json.Json> springfox.documentation.swagger2.web.Swagger2Controller.getDocumentation(java.lang.String,javax.servlet.http.HttpServletRequest)]
2018-08-23 14:09:00.385  INFO s.w.s.m.m.a.RequestMappingHandlerAdapter : Looking for @ControllerAdvice: org.springframework.boot.context.embedded.AnnotationConfigEmbeddedWebApplicationContext@34123d65: startup date [Thu Aug 23 14:08:55 CST 2018]; root of context hierarchy
2018-08-23 14:09:00.457  INFO o.s.w.s.handler.SimpleUrlHandlerMapping  : Mapped URL path [/webjars/**] onto handler of type [class org.springframework.web.servlet.resource.ResourceHttpRequestHandler]
2018-08-23 14:09:00.457  INFO o.s.w.s.handler.SimpleUrlHandlerMapping  : Mapped URL path [/**] onto handler of type [class org.springframework.web.servlet.resource.ResourceHttpRequestHandler]
2018-08-23 14:09:00.513  INFO o.s.w.s.handler.SimpleUrlHandlerMapping  : Mapped URL path [/**/favicon.ico] onto handler of type [class org.springframework.web.servlet.resource.ResourceHttpRequestHandler]
2018-08-23 14:09:01.168  INFO o.s.j.e.a.AnnotationMBeanExporter        : Registering beans for JMX exposure on startup
2018-08-23 14:09:01.177  INFO o.s.c.support.DefaultLifecycleProcessor  : Starting beans in phase 2147483647
2018-08-23 14:09:01.178  INFO d.s.w.p.DocumentationPluginsBootstrapper : Context refreshed
2018-08-23 14:09:01.204  INFO d.s.w.p.DocumentationPluginsBootstrapper : Found 1 custom documentation plugin(s)
2018-08-23 14:09:01.235  INFO s.d.s.w.s.ApiListingReferenceScanner     : Scanning for api listing references
2018-08-23 14:09:01.600  INFO s.b.c.e.t.TomcatEmbeddedServletContainer : Tomcat started on port(s): 8083 (http)
2018-08-23 14:09:01.610  INFO com.ls.example                           : Started example in 6.929 seconds (JVM running for 7.897)
2018-08-23 14:09:12.073  INFO o.a.c.c.C.[Tomcat].[localhost].[/]       : Initializing Spring FrameworkServlet 'dispatcherServlet'
2018-08-23 14:09:12.073  INFO o.s.web.servlet.DispatcherServlet        : FrameworkServlet 'dispatcherServlet': initialization started
2018-08-23 14:09:12.103  INFO o.s.web.servlet.DispatcherServlet        : FrameworkServlet 'dispatcherServlet': initialization completed in 30 ms
2018-08-23 14:15:37.234  INFO com.ls.example                           : Starting example on SD-20180326GBHC with PID 2012 (E:\project\example\target\classes started by Administrator in E:\project\example)
2018-08-23 14:15:37.250  INFO com.ls.example                           : No active profile set, falling back to default profiles: default
2018-08-23 14:15:37.805  INFO ationConfigEmbeddedWebApplicationContext : Refreshing org.springframework.boot.context.embedded.AnnotationConfigEmbeddedWebApplicationContext@34123d65: startup date [Thu Aug 23 14:15:37 CST 2018]; root of context hierarchy
2018-08-23 14:15:39.318  INFO .s.d.r.c.RepositoryConfigurationDelegate : Multiple Spring Data modules found, entering strict repository configuration mode!
2018-08-23 14:15:39.787  INFO trationDelegate$BeanPostProcessorChecker : Bean 'org.springframework.boot.autoconfigure.validation.ValidationAutoConfiguration' of type [class org.springframework.boot.autoconfigure.validation.ValidationAutoConfiguration] is not eligible for getting processed by all BeanPostProcessors (for example: not eligible for auto-proxying)
2018-08-23 14:15:39.872  INFO trationDelegate$BeanPostProcessorChecker : Bean 'validator' of type [class org.springframework.validation.beanvalidation.LocalValidatorFactoryBean] is not eligible for getting processed by all BeanPostProcessors (for example: not eligible for auto-proxying)
2018-08-23 14:15:39.906  INFO trationDelegate$BeanPostProcessorChecker : Bean 'org.springframework.transaction.annotation.ProxyTransactionManagementConfiguration' of type [class org.springframework.transaction.annotation.ProxyTransactionManagementConfiguration$$EnhancerBySpringCGLIB$$fd93d1bc] is not eligible for getting processed by all BeanPostProcessors (for example: not eligible for auto-proxying)
2018-08-23 14:15:40.345  INFO s.b.c.e.t.TomcatEmbeddedServletContainer : Tomcat initialized with port(s): 8083 (http)
2018-08-23 14:15:40.373  INFO o.apache.catalina.core.StandardService   : Starting service Tomcat
2018-08-23 14:15:40.374  INFO org.apache.catalina.core.StandardEngine  : Starting Servlet Engine: Apache Tomcat/8.5.11
2018-08-23 14:15:40.487  INFO o.a.c.c.C.[Tomcat].[localhost].[/]       : Initializing Spring embedded WebApplicationContext
2018-08-23 14:15:40.487  INFO o.s.web.context.ContextLoader            : Root WebApplicationContext: initialization completed in 2682 ms
2018-08-23 14:15:40.702  INFO o.s.b.w.servlet.ServletRegistrationBean  : Mapping servlet: 'dispatcherServlet' to [/]
2018-08-23 14:15:40.708  INFO o.s.b.w.servlet.FilterRegistrationBean   : Mapping filter: 'characterEncodingFilter' to: [/*]
2018-08-23 14:15:40.708  INFO o.s.b.w.servlet.FilterRegistrationBean   : Mapping filter: 'hiddenHttpMethodFilter' to: [/*]
2018-08-23 14:15:40.708  INFO o.s.b.w.servlet.FilterRegistrationBean   : Mapping filter: 'httpPutFormContentFilter' to: [/*]
2018-08-23 14:15:40.709  INFO o.s.b.w.servlet.FilterRegistrationBean   : Mapping filter: 'requestContextFilter' to: [/*]
2018-08-23 14:15:40.709  INFO o.s.b.w.servlet.FilterRegistrationBean   : Mapping filter: 'firstFilter' to urls: [/showInfo/maps]
2018-08-23 14:15:41.944  INFO s.w.s.m.m.a.RequestMappingHandlerMapping : Mapped "{[/showInfo/maps]}" onto public java.util.List<java.util.Map<java.lang.String, java.lang.Object>> com.ls.controller.UserController.getAllMaps()
2018-08-23 14:15:41.945  INFO s.w.s.m.m.a.RequestMappingHandlerMapping : Mapped "{[/showInfo/objects]}" onto public java.util.List<com.ls.entity.ShowInfo> com.ls.controller.UserController.getAllObjects()
2018-08-23 14:15:41.945  INFO s.w.s.m.m.a.RequestMappingHandlerMapping : Mapped "{[/showInfo/objects/value/{value}],methods=[GET]}" onto public void com.ls.controller.UserController.setRedis(java.lang.String)
2018-08-23 14:15:41.945  INFO s.w.s.m.m.a.RequestMappingHandlerMapping : Mapped "{[/showInfo/html]}" onto public java.lang.String com.ls.controller.UserController.forwardHtml(org.springframework.ui.Model)
2018-08-23 14:15:41.949  INFO s.w.s.m.m.a.RequestMappingHandlerMapping : Mapped "{[/swagger-resources/configuration/security]}" onto public org.springframework.http.ResponseEntity<springfox.documentation.swagger.web.SecurityConfiguration> springfox.documentation.swagger.web.ApiResourceController.securityConfiguration()
2018-08-23 14:15:41.951  INFO s.w.s.m.m.a.RequestMappingHandlerMapping : Mapped "{[/swagger-resources]}" onto public org.springframework.http.ResponseEntity<java.util.List<springfox.documentation.swagger.web.SwaggerResource>> springfox.documentation.swagger.web.ApiResourceController.swaggerResources()
2018-08-23 14:15:41.952  INFO s.w.s.m.m.a.RequestMappingHandlerMapping : Mapped "{[/swagger-resources/configuration/ui]}" onto public org.springframework.http.ResponseEntity<springfox.documentation.swagger.web.UiConfiguration> springfox.documentation.swagger.web.ApiResourceController.uiConfiguration()
2018-08-23 14:15:41.955  INFO s.w.s.m.m.a.RequestMappingHandlerMapping : Mapped "{[/error]}" onto public org.springframework.http.ResponseEntity<java.util.Map<java.lang.String, java.lang.Object>> org.springframework.boot.autoconfigure.web.BasicErrorController.error(javax.servlet.http.HttpServletRequest)
2018-08-23 14:15:41.956  INFO s.w.s.m.m.a.RequestMappingHandlerMapping : Mapped "{[/error],produces=[text/html]}" onto public org.springframework.web.servlet.ModelAndView org.springframework.boot.autoconfigure.web.BasicErrorController.errorHtml(javax.servlet.http.HttpServletRequest,javax.servlet.http.HttpServletResponse)
2018-08-23 14:15:42.118  INFO pertySourcedRequestMappingHandlerMapping : Mapped URL path [/v2/api-docs] onto method [public org.springframework.http.ResponseEntity<springfox.documentation.spring.web.json.Json> springfox.documentation.swagger2.web.Swagger2Controller.getDocumentation(java.lang.String,javax.servlet.http.HttpServletRequest)]
2018-08-23 14:15:42.281  INFO s.w.s.m.m.a.RequestMappingHandlerAdapter : Looking for @ControllerAdvice: org.springframework.boot.context.embedded.AnnotationConfigEmbeddedWebApplicationContext@34123d65: startup date [Thu Aug 23 14:15:37 CST 2018]; root of context hierarchy
2018-08-23 14:15:42.346  INFO o.s.w.s.handler.SimpleUrlHandlerMapping  : Mapped URL path [/webjars/**] onto handler of type [class org.springframework.web.servlet.resource.ResourceHttpRequestHandler]
2018-08-23 14:15:42.346  INFO o.s.w.s.handler.SimpleUrlHandlerMapping  : Mapped URL path [/**] onto handler of type [class org.springframework.web.servlet.resource.ResourceHttpRequestHandler]
2018-08-23 14:15:42.385  INFO o.s.w.s.handler.SimpleUrlHandlerMapping  : Mapped URL path [/**/favicon.ico] onto handler of type [class org.springframework.web.servlet.resource.ResourceHttpRequestHandler]
2018-08-23 14:15:43.060  INFO o.s.j.e.a.AnnotationMBeanExporter        : Registering beans for JMX exposure on startup
2018-08-23 14:15:43.071  INFO o.s.c.support.DefaultLifecycleProcessor  : Starting beans in phase 2147483647
2018-08-23 14:15:43.071  INFO d.s.w.p.DocumentationPluginsBootstrapper : Context refreshed
2018-08-23 14:15:43.099  INFO d.s.w.p.DocumentationPluginsBootstrapper : Found 1 custom documentation plugin(s)
2018-08-23 14:15:43.129  INFO s.d.s.w.s.ApiListingReferenceScanner     : Scanning for api listing references
2018-08-23 14:15:43.174 ERROR d.s.w.p.DocumentationPluginsBootstrapper : Unable to scan documentation context default

com.google.common.util.concurrent.UncheckedExecutionException: java.lang.NullPointerException
	at com.google.common.cache.LocalCache$Segment.get(LocalCache.java:2214)
	at com.google.common.cache.LocalCache.get(LocalCache.java:4053)
	at com.google.common.cache.LocalCache.getOrLoad(LocalCache.java:4057)
	at com.google.common.cache.LocalCache$LocalLoadingCache.get(LocalCache.java:4986)
	at com.google.common.cache.LocalCache$LocalLoadingCache.getUnchecked(LocalCache.java:4992)
	at springfox.documentation.spring.web.scanners.CachingOperationReader.read(CachingOperationReader.java:57)
	at springfox.documentation.spring.web.scanners.ApiDescriptionReader.read(ApiDescriptionReader.java:70)
	at springfox.documentation.spring.web.scanners.ApiListingScanner.scan(ApiListingScanner.java:134)
	at springfox.documentation.spring.web.scanners.ApiDocumentationScanner.scan(ApiDocumentationScanner.java:71)
	at springfox.documentation.spring.web.plugins.DocumentationPluginsBootstrapper.scanDocumentation(DocumentationPluginsBootstrapper.java:101)
	at springfox.documentation.spring.web.plugins.DocumentationPluginsBootstrapper.start(DocumentationPluginsBootstrapper.java:167)
	at org.springframework.context.support.DefaultLifecycleProcessor.doStart(DefaultLifecycleProcessor.java:173)
	at org.springframework.context.support.DefaultLifecycleProcessor.access$200(DefaultLifecycleProcessor.java:51)
	at org.springframework.context.support.DefaultLifecycleProcessor$LifecycleGroup.start(DefaultLifecycleProcessor.java:346)
	at org.springframework.context.support.DefaultLifecycleProcessor.startBeans(DefaultLifecycleProcessor.java:149)
	at org.springframework.context.support.DefaultLifecycleProcessor.onRefresh(DefaultLifecycleProcessor.java:112)
	at org.springframework.context.support.AbstractApplicationContext.finishRefresh(AbstractApplicationContext.java:879)
	at org.springframework.boot.context.embedded.EmbeddedWebApplicationContext.finishRefresh(EmbeddedWebApplicationContext.java:144)
	at org.springframework.context.support.AbstractApplicationContext.refresh(AbstractApplicationContext.java:545)
	at org.springframework.boot.context.embedded.EmbeddedWebApplicationContext.refresh(EmbeddedWebApplicationContext.java:122)
	at org.springframework.boot.SpringApplication.refresh(SpringApplication.java:737)
	at org.springframework.boot.SpringApplication.refreshContext(SpringApplication.java:370)
	at org.springframework.boot.SpringApplication.run(SpringApplication.java:314)
	at org.springframework.boot.SpringApplication.run(SpringApplication.java:1162)
	at org.springframework.boot.SpringApplication.run(SpringApplication.java:1151)
	at com.ls.example.main(example.java:50)
Caused by: java.lang.NullPointerException: null
	at com.google.common.base.Preconditions.checkNotNull(Preconditions.java:770)
	at com.google.common.collect.SingletonImmutableSet.<init>(SingletonImmutableSet.java:45)
	at com.google.common.collect.ImmutableSet.of(ImmutableSet.java:60)
	at com.google.common.collect.ImmutableSet.copyOf(ImmutableSet.java:280)
	at com.google.common.collect.ImmutableSet.copyOf(ImmutableSet.java:262)
	at com.google.common.collect.FluentIterable.toSet(FluentIterable.java:646)
	at springfox.documentation.builders.ParameterMerger.merged(ParameterMerger.java:47)
	at springfox.documentation.builders.OperationBuilder.parameters(OperationBuilder.java:197)
	at springfox.documentation.spring.web.readers.operation.OperationParameterReader.apply(OperationParameterReader.java:74)
	at springfox.documentation.spring.web.plugins.DocumentationPluginsManager.operation(DocumentationPluginsManager.java:120)
	at springfox.documentation.spring.web.readers.operation.ApiOperationReader.read(ApiOperationReader.java:73)
	at springfox.documentation.spring.web.scanners.CachingOperationReader$1.load(CachingOperationReader.java:50)
	at springfox.documentation.spring.web.scanners.CachingOperationReader$1.load(CachingOperationReader.java:48)
	at com.google.common.cache.LocalCache$LoadingValueReference.loadFuture(LocalCache.java:3628)
	at com.google.common.cache.LocalCache$Segment.loadSync(LocalCache.java:2336)
	at com.google.common.cache.LocalCache$Segment.lockedGetOrLoad(LocalCache.java:2295)
	at com.google.common.cache.LocalCache$Segment.get(LocalCache.java:2208)
	... 25 common frames omitted

2018-08-23 14:15:43.226  INFO s.b.c.e.t.TomcatEmbeddedServletContainer : Tomcat started on port(s): 8083 (http)
2018-08-23 14:15:43.233  INFO com.ls.example                           : Started example in 6.635 seconds (JVM running for 7.559)
2018-08-23 14:17:18.667  INFO com.ls.example                           : Starting example on SD-20180326GBHC with PID 2580 (E:\project\example\target\classes started by Administrator in E:\project\example)
2018-08-23 14:17:18.671  INFO com.ls.example                           : No active profile set, falling back to default profiles: default
2018-08-23 14:17:19.348  INFO ationConfigEmbeddedWebApplicationContext : Refreshing org.springframework.boot.context.embedded.AnnotationConfigEmbeddedWebApplicationContext@34123d65: startup date [Thu Aug 23 14:17:19 CST 2018]; root of context hierarchy
2018-08-23 14:17:20.989  INFO .s.d.r.c.RepositoryConfigurationDelegate : Multiple Spring Data modules found, entering strict repository configuration mode!
2018-08-23 14:17:21.435  INFO trationDelegate$BeanPostProcessorChecker : Bean 'org.springframework.boot.autoconfigure.validation.ValidationAutoConfiguration' of type [class org.springframework.boot.autoconfigure.validation.ValidationAutoConfiguration] is not eligible for getting processed by all BeanPostProcessors (for example: not eligible for auto-proxying)
2018-08-23 14:17:21.511  INFO trationDelegate$BeanPostProcessorChecker : Bean 'validator' of type [class org.springframework.validation.beanvalidation.LocalValidatorFactoryBean] is not eligible for getting processed by all BeanPostProcessors (for example: not eligible for auto-proxying)
2018-08-23 14:17:21.543  INFO trationDelegate$BeanPostProcessorChecker : Bean 'org.springframework.transaction.annotation.ProxyTransactionManagementConfiguration' of type [class org.springframework.transaction.annotation.ProxyTransactionManagementConfiguration$$EnhancerBySpringCGLIB$$301de378] is not eligible for getting processed by all BeanPostProcessors (for example: not eligible for auto-proxying)
2018-08-23 14:17:21.970  INFO s.b.c.e.t.TomcatEmbeddedServletContainer : Tomcat initialized with port(s): 8083 (http)
2018-08-23 14:17:21.984  INFO o.apache.catalina.core.StandardService   : Starting service Tomcat
2018-08-23 14:17:21.986  INFO org.apache.catalina.core.StandardEngine  : Starting Servlet Engine: Apache Tomcat/8.5.11
2018-08-23 14:17:22.088  INFO o.a.c.c.C.[Tomcat].[localhost].[/]       : Initializing Spring embedded WebApplicationContext
2018-08-23 14:17:22.088  INFO o.s.web.context.ContextLoader            : Root WebApplicationContext: initialization completed in 2740 ms
2018-08-23 14:17:22.337  INFO o.s.b.w.servlet.ServletRegistrationBean  : Mapping servlet: 'dispatcherServlet' to [/]
2018-08-23 14:17:22.344  INFO o.s.b.w.servlet.FilterRegistrationBean   : Mapping filter: 'characterEncodingFilter' to: [/*]
2018-08-23 14:17:22.345  INFO o.s.b.w.servlet.FilterRegistrationBean   : Mapping filter: 'hiddenHttpMethodFilter' to: [/*]
2018-08-23 14:17:22.345  INFO o.s.b.w.servlet.FilterRegistrationBean   : Mapping filter: 'httpPutFormContentFilter' to: [/*]
2018-08-23 14:17:22.345  INFO o.s.b.w.servlet.FilterRegistrationBean   : Mapping filter: 'requestContextFilter' to: [/*]
2018-08-23 14:17:22.345  INFO o.s.b.w.servlet.FilterRegistrationBean   : Mapping filter: 'firstFilter' to urls: [/showInfo/maps]
2018-08-23 14:17:23.591  INFO s.w.s.m.m.a.RequestMappingHandlerMapping : Mapped "{[/showInfo/objects/value/{value}],methods=[GET]}" onto public void com.ls.controller.UserController.setRedis(java.lang.String)
2018-08-23 14:17:23.592  INFO s.w.s.m.m.a.RequestMappingHandlerMapping : Mapped "{[/showInfo/objects]}" onto public java.util.List<com.ls.entity.ShowInfo> com.ls.controller.UserController.getAllObjects()
2018-08-23 14:17:23.593  INFO s.w.s.m.m.a.RequestMappingHandlerMapping : Mapped "{[/showInfo/maps]}" onto public java.util.List<java.util.Map<java.lang.String, java.lang.Object>> com.ls.controller.UserController.getAllMaps()
2018-08-23 14:17:23.593  INFO s.w.s.m.m.a.RequestMappingHandlerMapping : Mapped "{[/showInfo/html]}" onto public java.lang.String com.ls.controller.UserController.forwardHtml(org.springframework.ui.Model)
2018-08-23 14:17:23.597  INFO s.w.s.m.m.a.RequestMappingHandlerMapping : Mapped "{[/swagger-resources/configuration/ui]}" onto public org.springframework.http.ResponseEntity<springfox.documentation.swagger.web.UiConfiguration> springfox.documentation.swagger.web.ApiResourceController.uiConfiguration()
2018-08-23 14:17:23.598  INFO s.w.s.m.m.a.RequestMappingHandlerMapping : Mapped "{[/swagger-resources]}" onto public org.springframework.http.ResponseEntity<java.util.List<springfox.documentation.swagger.web.SwaggerResource>> springfox.documentation.swagger.web.ApiResourceController.swaggerResources()
2018-08-23 14:17:23.599  INFO s.w.s.m.m.a.RequestMappingHandlerMapping : Mapped "{[/swagger-resources/configuration/security]}" onto public org.springframework.http.ResponseEntity<springfox.documentation.swagger.web.SecurityConfiguration> springfox.documentation.swagger.web.ApiResourceController.securityConfiguration()
2018-08-23 14:17:23.603  INFO s.w.s.m.m.a.RequestMappingHandlerMapping : Mapped "{[/error]}" onto public org.springframework.http.ResponseEntity<java.util.Map<java.lang.String, java.lang.Object>> org.springframework.boot.autoconfigure.web.BasicErrorController.error(javax.servlet.http.HttpServletRequest)
2018-08-23 14:17:23.604  INFO s.w.s.m.m.a.RequestMappingHandlerMapping : Mapped "{[/error],produces=[text/html]}" onto public org.springframework.web.servlet.ModelAndView org.springframework.boot.autoconfigure.web.BasicErrorController.errorHtml(javax.servlet.http.HttpServletRequest,javax.servlet.http.HttpServletResponse)
2018-08-23 14:17:23.771  INFO pertySourcedRequestMappingHandlerMapping : Mapped URL path [/v2/api-docs] onto method [public org.springframework.http.ResponseEntity<springfox.documentation.spring.web.json.Json> springfox.documentation.swagger2.web.Swagger2Controller.getDocumentation(java.lang.String,javax.servlet.http.HttpServletRequest)]
2018-08-23 14:17:23.928  INFO s.w.s.m.m.a.RequestMappingHandlerAdapter : Looking for @ControllerAdvice: org.springframework.boot.context.embedded.AnnotationConfigEmbeddedWebApplicationContext@34123d65: startup date [Thu Aug 23 14:17:19 CST 2018]; root of context hierarchy
2018-08-23 14:17:23.988  INFO o.s.w.s.handler.SimpleUrlHandlerMapping  : Mapped URL path [/webjars/**] onto handler of type [class org.springframework.web.servlet.resource.ResourceHttpRequestHandler]
2018-08-23 14:17:23.988  INFO o.s.w.s.handler.SimpleUrlHandlerMapping  : Mapped URL path [/**] onto handler of type [class org.springframework.web.servlet.resource.ResourceHttpRequestHandler]
2018-08-23 14:17:24.030  INFO o.s.w.s.handler.SimpleUrlHandlerMapping  : Mapped URL path [/**/favicon.ico] onto handler of type [class org.springframework.web.servlet.resource.ResourceHttpRequestHandler]
2018-08-23 14:17:24.672  INFO o.s.j.e.a.AnnotationMBeanExporter        : Registering beans for JMX exposure on startup
2018-08-23 14:17:24.682  INFO o.s.c.support.DefaultLifecycleProcessor  : Starting beans in phase 2147483647
2018-08-23 14:17:24.682  INFO d.s.w.p.DocumentationPluginsBootstrapper : Context refreshed
2018-08-23 14:17:24.716  INFO d.s.w.p.DocumentationPluginsBootstrapper : Found 1 custom documentation plugin(s)
2018-08-23 14:17:24.749  INFO s.d.s.w.s.ApiListingReferenceScanner     : Scanning for api listing references
2018-08-23 14:17:25.011  INFO s.b.c.e.t.TomcatEmbeddedServletContainer : Tomcat started on port(s): 8083 (http)
2018-08-23 14:17:25.016  INFO com.ls.example                           : Started example in 7.036 seconds (JVM running for 7.829)
2018-08-23 14:17:31.178  INFO o.a.c.c.C.[Tomcat].[localhost].[/]       : Initializing Spring FrameworkServlet 'dispatcherServlet'
2018-08-23 14:17:31.178  INFO o.s.web.servlet.DispatcherServlet        : FrameworkServlet 'dispatcherServlet': initialization started
2018-08-23 14:17:31.206  INFO o.s.web.servlet.DispatcherServlet        : FrameworkServlet 'dispatcherServlet': initialization completed in 28 ms
2018-08-23 14:19:06.141  INFO com.ls.example                           : Starting example on SD-20180326GBHC with PID 1028 (E:\project\example\target\classes started by Administrator in E:\project\example)
2018-08-23 14:19:06.147  INFO com.ls.example                           : No active profile set, falling back to default profiles: default
2018-08-23 14:19:06.894  INFO ationConfigEmbeddedWebApplicationContext : Refreshing org.springframework.boot.context.embedded.AnnotationConfigEmbeddedWebApplicationContext@34123d65: startup date [Thu Aug 23 14:19:06 CST 2018]; root of context hierarchy
2018-08-23 14:19:08.066  INFO .s.d.r.c.RepositoryConfigurationDelegate : Multiple Spring Data modules found, entering strict repository configuration mode!
2018-08-23 14:19:08.550  INFO trationDelegate$BeanPostProcessorChecker : Bean 'org.springframework.boot.autoconfigure.validation.ValidationAutoConfiguration' of type [class org.springframework.boot.autoconfigure.validation.ValidationAutoConfiguration] is not eligible for getting processed by all BeanPostProcessors (for example: not eligible for auto-proxying)
2018-08-23 14:19:08.633  INFO trationDelegate$BeanPostProcessorChecker : Bean 'validator' of type [class org.springframework.validation.beanvalidation.LocalValidatorFactoryBean] is not eligible for getting processed by all BeanPostProcessors (for example: not eligible for auto-proxying)
2018-08-23 14:19:08.677  INFO trationDelegate$BeanPostProcessorChecker : Bean 'org.springframework.transaction.annotation.ProxyTransactionManagementConfiguration' of type [class org.springframework.transaction.annotation.ProxyTransactionManagementConfiguration$$EnhancerBySpringCGLIB$$a7174d6b] is not eligible for getting processed by all BeanPostProcessors (for example: not eligible for auto-proxying)
2018-08-23 14:19:09.114  INFO s.b.c.e.t.TomcatEmbeddedServletContainer : Tomcat initialized with port(s): 8083 (http)
2018-08-23 14:19:09.127  INFO o.apache.catalina.core.StandardService   : Starting service Tomcat
2018-08-23 14:19:09.128  INFO org.apache.catalina.core.StandardEngine  : Starting Servlet Engine: Apache Tomcat/8.5.11
2018-08-23 14:19:09.234  INFO o.a.c.c.C.[Tomcat].[localhost].[/]       : Initializing Spring embedded WebApplicationContext
2018-08-23 14:19:09.234  INFO o.s.web.context.ContextLoader            : Root WebApplicationContext: initialization completed in 2340 ms
2018-08-23 14:19:09.483  INFO o.s.b.w.servlet.ServletRegistrationBean  : Mapping servlet: 'dispatcherServlet' to [/]
2018-08-23 14:19:09.488  INFO o.s.b.w.servlet.FilterRegistrationBean   : Mapping filter: 'characterEncodingFilter' to: [/*]
2018-08-23 14:19:09.489  INFO o.s.b.w.servlet.FilterRegistrationBean   : Mapping filter: 'hiddenHttpMethodFilter' to: [/*]
2018-08-23 14:19:09.489  INFO o.s.b.w.servlet.FilterRegistrationBean   : Mapping filter: 'httpPutFormContentFilter' to: [/*]
2018-08-23 14:19:09.489  INFO o.s.b.w.servlet.FilterRegistrationBean   : Mapping filter: 'requestContextFilter' to: [/*]
2018-08-23 14:19:09.490  INFO o.s.b.w.servlet.FilterRegistrationBean   : Mapping filter: 'firstFilter' to urls: [/showInfo/maps]
2018-08-23 14:19:10.816  INFO s.w.s.m.m.a.RequestMappingHandlerMapping : Mapped "{[/showInfo/objects/value/{value}],methods=[GET]}" onto public void com.ls.controller.UserController.setRedis(java.lang.String)
2018-08-23 14:19:10.817  INFO s.w.s.m.m.a.RequestMappingHandlerMapping : Mapped "{[/showInfo/html]}" onto public java.lang.String com.ls.controller.UserController.forwardHtml(org.springframework.ui.Model)
2018-08-23 14:19:10.818  INFO s.w.s.m.m.a.RequestMappingHandlerMapping : Mapped "{[/showInfo/maps]}" onto public java.util.List<java.util.Map<java.lang.String, java.lang.Object>> com.ls.controller.UserController.getAllMaps()
2018-08-23 14:19:10.818  INFO s.w.s.m.m.a.RequestMappingHandlerMapping : Mapped "{[/showInfo/objects]}" onto public java.util.List<com.ls.entity.ShowInfo> com.ls.controller.UserController.getAllObjects()
2018-08-23 14:19:10.821  INFO s.w.s.m.m.a.RequestMappingHandlerMapping : Mapped "{[/swagger-resources/configuration/security]}" onto public org.springframework.http.ResponseEntity<springfox.documentation.swagger.web.SecurityConfiguration> springfox.documentation.swagger.web.ApiResourceController.securityConfiguration()
2018-08-23 14:19:10.822  INFO s.w.s.m.m.a.RequestMappingHandlerMapping : Mapped "{[/swagger-resources/configuration/ui]}" onto public org.springframework.http.ResponseEntity<springfox.documentation.swagger.web.UiConfiguration> springfox.documentation.swagger.web.ApiResourceController.uiConfiguration()
2018-08-23 14:19:10.823  INFO s.w.s.m.m.a.RequestMappingHandlerMapping : Mapped "{[/swagger-resources]}" onto public org.springframework.http.ResponseEntity<java.util.List<springfox.documentation.swagger.web.SwaggerResource>> springfox.documentation.swagger.web.ApiResourceController.swaggerResources()
2018-08-23 14:19:10.827  INFO s.w.s.m.m.a.RequestMappingHandlerMapping : Mapped "{[/error]}" onto public org.springframework.http.ResponseEntity<java.util.Map<java.lang.String, java.lang.Object>> org.springframework.boot.autoconfigure.web.BasicErrorController.error(javax.servlet.http.HttpServletRequest)
2018-08-23 14:19:10.827  INFO s.w.s.m.m.a.RequestMappingHandlerMapping : Mapped "{[/error],produces=[text/html]}" onto public org.springframework.web.servlet.ModelAndView org.springframework.boot.autoconfigure.web.BasicErrorController.errorHtml(javax.servlet.http.HttpServletRequest,javax.servlet.http.HttpServletResponse)
2018-08-23 14:19:11.004  INFO pertySourcedRequestMappingHandlerMapping : Mapped URL path [/v2/api-docs] onto method [public org.springframework.http.ResponseEntity<springfox.documentation.spring.web.json.Json> springfox.documentation.swagger2.web.Swagger2Controller.getDocumentation(java.lang.String,javax.servlet.http.HttpServletRequest)]
2018-08-23 14:19:11.127  INFO s.w.s.m.m.a.RequestMappingHandlerAdapter : Looking for @ControllerAdvice: org.springframework.boot.context.embedded.AnnotationConfigEmbeddedWebApplicationContext@34123d65: startup date [Thu Aug 23 14:19:06 CST 2018]; root of context hierarchy
2018-08-23 14:19:11.190  INFO o.s.w.s.handler.SimpleUrlHandlerMapping  : Mapped URL path [/webjars/**] onto handler of type [class org.springframework.web.servlet.resource.ResourceHttpRequestHandler]
2018-08-23 14:19:11.190  INFO o.s.w.s.handler.SimpleUrlHandlerMapping  : Mapped URL path [/**] onto handler of type [class org.springframework.web.servlet.resource.ResourceHttpRequestHandler]
2018-08-23 14:19:11.251  INFO o.s.w.s.handler.SimpleUrlHandlerMapping  : Mapped URL path [/**/favicon.ico] onto handler of type [class org.springframework.web.servlet.resource.ResourceHttpRequestHandler]
2018-08-23 14:19:11.882  INFO o.s.j.e.a.AnnotationMBeanExporter        : Registering beans for JMX exposure on startup
2018-08-23 14:19:11.892  INFO o.s.c.support.DefaultLifecycleProcessor  : Starting beans in phase 2147483647
2018-08-23 14:19:11.892  INFO d.s.w.p.DocumentationPluginsBootstrapper : Context refreshed
2018-08-23 14:19:11.917  INFO d.s.w.p.DocumentationPluginsBootstrapper : Found 1 custom documentation plugin(s)
2018-08-23 14:19:11.947  INFO s.d.s.w.s.ApiListingReferenceScanner     : Scanning for api listing references
2018-08-23 14:19:12.280  INFO s.b.c.e.t.TomcatEmbeddedServletContainer : Tomcat started on port(s): 8083 (http)
2018-08-23 14:19:12.286  INFO com.ls.example                           : Started example in 6.878 seconds (JVM running for 7.645)
2018-08-23 14:19:19.125  INFO o.a.c.c.C.[Tomcat].[localhost].[/]       : Initializing Spring FrameworkServlet 'dispatcherServlet'
2018-08-23 14:19:19.125  INFO o.s.web.servlet.DispatcherServlet        : FrameworkServlet 'dispatcherServlet': initialization started
2018-08-23 14:19:19.146  INFO o.s.web.servlet.DispatcherServlet        : FrameworkServlet 'dispatcherServlet': initialization completed in 20 ms
